[01-11-2023 23:18:02] [info] [IP: ::1]: Connexion réussie pour l'utilisateur avec l'adresse e-mail : btrayan21@gmail.com
[04-11-2023 18:31:45] [info] [IP: ::1]: Inscription réussie pour l'utilisateur avec l'adresse e-mail : yshdftsgtf@gmail.com
[04-11-2023 18:34:11] [info] [IP: ::1]: Inscription réussie pour l'utilisateur avec l'adresse e-mail : yshdftsgtf@gmail.com
[04-11-2023 18:59:05] [info] [IP: ::1]: Inscription réussie pour l'utilisateur avec l'adresse e-mail : sduhsygdfsy@gmail.com
[04-11-2023 19:03:43] [info] [IP: ::1]: Connexion réussie pour l'utilisateur avec le login : rbentanf
[10-11-2023 13:22:17] [error] [IP: ::1]: Tentative de connexion échouée pour l'utilisateur avec le login : rbentanf
[10-11-2023 13:53:25] [info] [IP: ::1]: Inscription réussie pour l'utilisateur avec l'adresse e-mail : zuznfjn@gmail.com
[10-11-2023 13:53:53] [info] [IP: ::1]: Inscription réussie pour l'utilisateur avec l'adresse e-mail : ejinebnieb@gmail.com
[10-11-2023 13:58:02] [info] [IP: ::1]: Inscription réussie pour l'utilisateur avec l'adresse e-mail : jnsdvunsv@gmail.com
[10-11-2023 14:02:40] [info] [IP: ::1]: Inscription réussie pour l'utilisateur avec l'adresse e-mail : skdcdqc@gmail.com
[10-11-2023 14:14:52] [info] [IP: ::1]: Inscription réussie pour l'utilisateur avec l'adresse e-mail : sdvsdvsdv@gmil.com
[10-11-2023 14:19:13] [info] [IP: ::1]: Inscription réussie pour l'utilisateur avec l'adresse e-mail : zdkzkv@gmail.com
[10-11-2023 14:20:45] [info] [IP: ::1]: Inscription réussie pour l'utilisateur avec l'adresse e-mail : cnudhurhzr@zsjnsdcn.com
[10-11-2023 14:22:56] [info] [IP: ::1]: Inscription réussie pour l'utilisateur avec l'adresse e-mail : zfvzsvd@gmail.com
[10-11-2023 14:24:21] [info] [IP: ::1]: Inscription réussie pour l'utilisateur avec l'adresse e-mail : sdvsdv@gmail.com
[10-11-2023 14:25:40] [info] [IP: ::1]: Inscription réussie pour l'utilisateur avec l'adresse e-mail : zijviz@gmal.com
[10-11-2023 14:28:20] [info] [IP: ::1]: Inscription réussie pour l'utilisateur avec l'adresse e-mail : JFVIJV@GMAIL.COM
[10-11-2023 14:44:05] [info] [IP: ::1]: Inscription réussie pour l'utilisateur avec l'adresse e-mail : dsvsdv@gmail.com
[10-11-2023 14:48:53] [info] [IP: ::1]: Inscription réussie pour l'utilisateur avec l'adresse e-mail : hsvvb@gmail.com
[10-11-2023 14:50:20] [info] [IP: ::1]: Inscription réussie pour l'utilisateur avec l'adresse e-mail : sdjgnjsgb@iejfgu.com
[10-11-2023 14:51:42] [info] [IP: ::1]: Inscription réussie pour l'utilisateur avec l'adresse e-mail : skqdcnqdj@gmail.com
[10-11-2023 14:52:18] [info] [IP: ::1]: Inscription réussie pour l'utilisateur avec l'adresse e-mail : dsjdnvsdvu@gmail.com
[10-11-2023 14:55:10] [info] [IP: ::1]: Inscription réussie pour l'utilisateur avec l'adresse e-mail : shsv@jizjv.NJRNC
[10-11-2023 14:57:40] [info] [IP: ::1]: Inscription réussie pour l'utilisateur avec l'adresse e-mail : jqndqdc@gmail.com
[10-11-2023 15:05:23] [info] [IP: ::1]: Inscription réussie pour l'utilisateur avec l'adresse e-mail : ijv@gmail.com
[10-11-2023 15:09:17] [info] [IP: ::1]: Inscription réussie pour l'utilisateur avec l'adresse e-mail : hsbdv@gmail.com
[10-11-2023 15:10:27] [info] [IP: ::1]: Inscription réussie pour l'utilisateur avec l'adresse e-mail : btrayaqdvqdv@gmail.com
[10-11-2023 15:10:40] [info] [IP: ::1]: Inscription réussie pour l'utilisateur avec l'adresse e-mail : sdkvjn@gmail.com
[10-11-2023 15:12:30] [info] [IP: ::1]: Inscription réussie pour l'utilisateur avec l'adresse e-mail : ujzrv@gmail.com
[10-11-2023 15:14:50] [info] [IP: ::1]: Inscription réussie pour l'utilisateur avec l'adresse e-mail : sjnvsfv@gmail.com
[10-11-2023 15:16:30] [info] [IP: ::1]: Inscription réussie pour l'utilisateur avec l'adresse e-mail : ujnvsfvo@gmail.com
[10-11-2023 15:18:24] [info] [IP: ::1]: Inscription réussie pour l'utilisateur avec l'adresse e-mail : s@gmail.com
[10-11-2023 15:24:43] [info] [IP: ::1]: Inscription réussie pour l'utilisateur avec l'adresse e-mail : qdc@gmail.com
[10-11-2023 15:39:03] [info] [IP: ::1]: Inscription réussie pour l'utilisateur avec l'adresse e-mail : ubsvj@gmail.com
[10-11-2023 15:39:26] [info] [IP: ::1]: Inscription réussie pour l'utilisateur avec l'adresse e-mail : pljngkh@gmail.com
[10-11-2023 15:39:53] [info] [IP: ::1]: Inscription réussie pour l'utilisateur avec l'adresse e-mail : btrayan21@gmail.com
[10-11-2023 16:06:15] [info] [IP: ::1]: Inscription réussie pour l'utilisateur avec l'adresse e-mail : btrayan21@gmail.com
[10-11-2023 16:07:23] [info] [IP: ::1]: Inscription réussie pour l'utilisateur avec l'adresse e-mail : sjnvjsvn@gmail.com
[10-11-2023 16:07:27] [info] [IP: ::1]: Connexion réussie pour l'utilisateur avec le login : toto
